# JRE version: OpenJDK Runtime Environment (21.0.9) (build 21.0.9+-14649483-b1163.86)
# Java VM: OpenJDK 64-Bit Server VM (21.0.9+-14649483-b1163.86, mixed mode, tiered, compressed oops, compressed class ptrs, g1 gc, windows-amd64)
GC Precious Log:
 CardTable entry size: 512
 Card Set container configuration: InlinePtr #cards 4 size 8 Array Of Cards #cards 32 size 80 Howl #buckets 8 coarsen threshold 7372 Howl Bitmap #cards 1024 size 144 coarsen threshold 921 Card regions per heap region 1 cards per card region 8192
 CPUs: 16 total, 16 available
 Memory: 7859M
 Large Page Support: Disabled
 NUMA Support: Disabled
 Compressed Oops: Enabled (Zero based)
 Heap Region Size: 4M
 Heap Min Capacity: 8M
 Heap Initial Capacity: 124M
 Heap Max Capacity: 8G
 Pre-touch: Disabled
 Parallel Workers: 13
 Concurrent Workers: 3
 Concurrent Refinement Workers: 13
 Periodic GC: Disabled
Heap:
 garbage-first heap   total 122880K, used 75590K [0x0000000600000000, 0x0000000800000000)
  region size 4096K, 5 young (20480K), 2 survivors (8192K)
 Metaspace       used 84977K, committed 86912K, reserved 1179648K
  class space    used 12278K, committed 13184K, reserved 1048576K
GC Heap History (20 events):
Event: 6.553 GC heap before
{Heap before GC invocations=12 (full 0):
 garbage-first heap   total 110592K, used 90185K [0x0000000600000000, 0x0000000800000000)
  region size 4096K, 15 young (61440K), 1 survivors (4096K)
 Metaspace       used 53779K, committed 55232K, reserved 1114112K
  class space    used 7432K, committed 8128K, reserved 1048576K
}
Event: 6.557 GC heap after
{Heap after GC invocations=13 (full 0):
 garbage-first heap   total 110592K, used 35904K [0x0000000600000000, 0x0000000800000000)
  region size 4096K, 2 young (8192K), 2 survivors (8192K)
 Metaspace       used 53779K, committed 55232K, reserved 1114112K
  class space    used 7432K, committed 8128K, reserved 1048576K
}
Event: 7.112 GC heap before
{Heap before GC invocations=13 (full 0):
 garbage-first heap   total 110592K, used 93248K [0x0000000600000000, 0x0000000800000000)
  region size 4096K, 16 young (65536K), 2 survivors (8192K)
 Metaspace       used 57456K, committed 59008K, reserved 1114112K
  class space    used 8077K, committed 8832K, reserved 1048576K
}
Event: 7.116 GC heap after
{Heap after GC invocations=14 (full 0):
 garbage-first heap   total 110592K, used 38330K [0x0000000600000000, 0x0000000800000000)
  region size 4096K, 2 young (8192K), 2 survivors (8192K)
 Metaspace       used 57456K, committed 59008K, reserved 1114112K
  class space    used 8077K, committed 8832K, reserved 1048576K
}
Event: 7.282 GC heap before
{Heap before GC invocations=14 (full 0):
 garbage-first heap   total 110592K, used 50618K [0x0000000600000000, 0x0000000800000000)
  region size 4096K, 6 young (24576K), 2 survivors (8192K)
 Metaspace       used 59088K, committed 60608K, reserved 1114112K
  class space    used 8323K, committed 9088K, reserved 1048576K
}
Event: 7.286 GC heap after
{Heap after GC invocations=15 (full 0):
 garbage-first heap   total 110592K, used 39024K [0x0000000600000000, 0x0000000800000000)
  region size 4096K, 1 young (4096K), 1 survivors (4096K)
 Metaspace       used 59088K, committed 60608K, reserved 1114112K
  class space    used 8323K, committed 9088K, reserved 1048576K
}
Event: 7.978 GC heap before
{Heap before GC invocations=16 (full 0):
 garbage-first heap   total 110592K, used 96368K [0x0000000600000000, 0x0000000800000000)
  region size 4096K, 15 young (61440K), 1 survivors (4096K)
 Metaspace       used 63244K, committed 64896K, reserved 1114112K
  class space    used 9010K, committed 9792K, reserved 1048576K
}
Event: 7.982 GC heap after
{Heap after GC invocations=17 (full 0):
 garbage-first heap   total 110592K, used 42722K [0x0000000600000000, 0x0000000800000000)
  region size 4096K, 2 young (8192K), 2 survivors (8192K)
 Metaspace       used 63244K, committed 64896K, reserved 1114112K
  class space    used 9010K, committed 9792K, reserved 1048576K
}
Event: 8.579 GC heap before
{Heap before GC invocations=17 (full 0):
 garbage-first heap   total 110592K, used 100066K [0x0000000600000000, 0x0000000800000000)
  region size 4096K, 15 young (61440K), 2 survivors (8192K)
 Metaspace       used 68566K, committed 70272K, reserved 1114112K
  class space    used 9804K, committed 10624K, reserved 1048576K
}
Event: 8.584 GC heap after
{Heap after GC invocations=18 (full 0):
 garbage-first heap   total 114688K, used 51716K [0x0000000600000000, 0x0000000800000000)
  region size 4096K, 2 young (8192K), 2 survivors (8192K)
 Metaspace       used 68566K, committed 70272K, reserved 1114112K
  class space    used 9804K, committed 10624K, reserved 1048576K
}
Event: 9.176 GC heap before
{Heap before GC invocations=18 (full 0):
 garbage-first heap   total 114688K, used 100868K [0x0000000600000000, 0x0000000800000000)
  region size 4096K, 14 young (57344K), 2 survivors (8192K)
 Metaspace       used 74040K, committed 75840K, reserved 1114112K
  class space    used 10574K, committed 11456K, reserved 1048576K
}
Event: 9.181 GC heap after
{Heap after GC invocations=19 (full 0):
 garbage-first heap   total 114688K, used 55649K [0x0000000600000000, 0x0000000800000000)
  region size 4096K, 1 young (4096K), 1 survivors (4096K)
 Metaspace       used 74040K, committed 75840K, reserved 1114112K
  class space    used 10574K, committed 11456K, reserved 1048576K
}
Event: 9.428 GC heap before
{Heap before GC invocations=19 (full 0):
 garbage-first heap   total 114688K, used 80225K [0x0000000600000000, 0x0000000800000000)
  region size 4096K, 8 young (32768K), 1 survivors (4096K)
 Metaspace       used 75798K, committed 77632K, reserved 1179648K
  class space    used 10819K, committed 11712K, reserved 1048576K
}
Event: 9.431 GC heap after
{Heap after GC invocations=20 (full 0):
 garbage-first heap   total 114688K, used 56462K [0x0000000600000000, 0x0000000800000000)
  region size 4096K, 1 young (4096K), 1 survivors (4096K)
 Metaspace       used 75798K, committed 77632K, reserved 1179648K
  class space    used 10819K, committed 11712K, reserved 1048576K
}
Event: 9.967 GC heap before
{Heap before GC invocations=21 (full 0):
 garbage-first heap   total 114688K, used 105614K [0x0000000600000000, 0x0000000800000000)
  region size 4096K, 12 young (49152K), 1 survivors (4096K)
 Metaspace       used 78856K, committed 80704K, reserved 1179648K
  class space    used 11279K, committed 12160K, reserved 1048576K
}
Event: 9.972 GC heap after
{Heap after GC invocations=22 (full 0):
 garbage-first heap   total 114688K, used 62206K [0x0000000600000000, 0x0000000800000000)
  region size 4096K, 2 young (8192K), 2 survivors (8192K)
 Metaspace       used 78856K, committed 80704K, reserved 1179648K
  class space    used 11279K, committed 12160K, reserved 1048576K
}
Event: 10.468 GC heap before
{Heap before GC invocations=22 (full 0):
 garbage-first heap   total 114688K, used 103166K [0x0000000600000000, 0x0000000800000000)
  region size 4096K, 12 young (49152K), 2 survivors (8192K)
 Metaspace       used 81486K, committed 83328K, reserved 1179648K
  class space    used 11654K, committed 12544K, reserved 1048576K
}
Event: 10.475 GC heap after
{Heap after GC invocations=23 (full 0):
 garbage-first heap   total 122880K, used 63800K [0x0000000600000000, 0x0000000800000000)
  region size 4096K, 2 young (8192K), 2 survivors (8192K)
 Metaspace       used 81486K, committed 83328K, reserved 1179648K
  class space    used 11654K, committed 12544K, reserved 1048576K
}
Event: 11.107 GC heap before
{Heap before GC invocations=23 (full 0):
 garbage-first heap   total 122880K, used 104760K [0x0000000600000000, 0x0000000800000000)
  region size 4096K, 12 young (49152K), 2 survivors (8192K)
 Metaspace       used 84598K, committed 86528K, reserved 1179648K
  class space    used 12222K, committed 13184K, reserved 1048576K
}
Event: 11.114 GC heap after
{Heap after GC invocations=24 (full 0):
 garbage-first heap   total 122880K, used 67398K [0x0000000600000000, 0x0000000800000000)
  region size 4096K, 2 young (8192K), 2 survivors (8192K)
 Metaspace       used 84598K, committed 86528K, reserved 1179648K
  class space    used 12222K, committed 13184K, reserved 1048576K
}

